app/build/outputs/logs/manifest-merger-debug-report.txt
-- Merging decision tree log ---
manifest
ADDED from src\main\AndroidManifest.xml:2:1-45:12
	package
		ADDED from src\main\AndroidManifest.xml:2:11-36
	android:versionName
		ADDED from src\main\AndroidManifest.xml:5:11-36
		INJECTED from src\main\AndroidManifest.xml
		INJECTED from src\main\AndroidManifest.xml
	android:versionCode
		ADDED from src\main\AndroidManifest.xml:4:11-34
		INJECTED from src\main\AndroidManifest.xml
		INJECTED from src\main\AndroidManifest.xml
	xmlns:android
		ADDED from src\main\AndroidManifest.xml:3:11-69
uses-permission#android.permission.INTERNET
ADDED from src\main\AndroidManifest.xml:7:5-66
MERGED from [Android_ChatRoom_Demo_Src:IMToolKit:unspecified] AndroidManifest.xml:12:5-67
	android:name
		ADDED from src\main\AndroidManifest.xml:7:22-64
uses-permission#android.permission.WRITE_EXTERNAL_STORAGE
ADDED from src\main\AndroidManifest.xml:8:5-80
MERGED from [Android_ChatRoom_Demo_Src:IMToolKit:unspecified] AndroidManifest.xml:11:5-81
	android:name
		ADDED from src\main\AndroidManifest.xml:8:22-78
uses-permission#android.permission.WAKE_LOCK
ADDED from src\main\AndroidManifest.xml:9:5-67
MERGED from [Android_ChatRoom_Demo_Src:IMToolKit:unspecified] AndroidManifest.xml:17:5-68
	android:name
		ADDED from src\main\AndroidManifest.xml:9:22-65
uses-permission#android.permission.ACCESS_NETWORK_STATE
ADDED from src\main\AndroidManifest.xml:10:5-78
MERGED from [Android_ChatRoom_Demo_Src:IMToolKit:unspecified] AndroidManifest.xml:13:5-79
	android:name
		ADDED from src\main\AndroidManifest.xml:10:22-76
uses-permission#android.permission.ACCESS_WIFI_STATE
ADDED from src\main\AndroidManifest.xml:11:5-75
MERGED from [Android_ChatRoom_Demo_Src:IMToolKit:unspecified] AndroidManifest.xml:14:5-76
	android:name
		ADDED from src\main\AndroidManifest.xml:11:22-73
uses-permission#android.permission.READ_PHONE_STATE
ADDED from src\main\AndroidManifest.xml:12:5-74
MERGED from [Android_ChatRoom_Demo_Src:IMToolKit:unspecified] AndroidManifest.xml:15:5-75
	android:name
		ADDED from src\main\AndroidManifest.xml:12:22-72
uses-sdk
ADDED from src\main\AndroidManifest.xml:14:5-42
MERGED from [com.android.support:support-v4:21.0.3] AndroidManifest.xml:15:5-42
MERGED from [Android_ChatRoom_Demo_Src:IMToolKit:unspecified] AndroidManifest.xml:7:5-9:41
MERGED from [com.android.support:support-v4:21.0.3] AndroidManifest.xml:15:5-42
	android:targetSdkVersion
		INJECTED from src\main\AndroidManifest.xml
		INJECTED from src\main\AndroidManifest.xml
	android:minSdkVersion
		ADDED from src\main\AndroidManifest.xml:14:15-40
		INJECTED from src\main\AndroidManifest.xml
		INJECTED from src\main\AndroidManifest.xml
application
ADDED from src\main\AndroidManifest.xml:16:5-43:19
MERGED from [com.android.support:support-v4:21.0.3] AndroidManifest.xml:16:5-19
MERGED from [Android_ChatRoom_Demo_Src:IMToolKit:unspecified] AndroidManifest.xml:24:5-83:19
MERGED from [com.android.support:support-v4:21.0.3] AndroidManifest.xml:16:5-19
	android:label
		ADDED from src\main\AndroidManifest.xml:20:9-32
	android:allowBackup
		ADDED from src\main\AndroidManifest.xml:18:9-35
	android:icon
		ADDED from src\main\AndroidManifest.xml:19:9-43
	android:theme
		ADDED from src\main\AndroidManifest.xml:21:9-51
	android:name
		ADDED from src\main\AndroidManifest.xml:17:9-28
activity#io.rong.liveapp.MainActivity
ADDED from src\main\AndroidManifest.xml:23:9-29:20
	android:screenOrientation
		ADDED from src\main\AndroidManifest.xml:24:19-55
	android:name
		ADDED from src\main\AndroidManifest.xml:23:19-47
intent-filter#android.intent.action.MAIN+android.intent.category.LAUNCHER
ADDED from src\main\AndroidManifest.xml:25:13-28:29
action#android.intent.action.MAIN
ADDED from src\main\AndroidManifest.xml:26:17-68
	android:name
		ADDED from src\main\AndroidManifest.xml:26:25-66
category#android.intent.category.LAUNCHER
ADDED from src\main\AndroidManifest.xml:27:17-76
	android:name
		ADDED from src\main\AndroidManifest.xml:27:27-74
activity#io.rong.liveapp.LiveChatRoomActivity
ADDED from src\main\AndroidManifest.xml:31:9-42:20
	android:screenOrientation
		ADDED from src\main\AndroidManifest.xml:32:19-55
	android:windowSoftInputMode
		ADDED from src\main\AndroidManifest.xml:33:19-61
	android:name
		ADDED from src\main\AndroidManifest.xml:31:19-55
intent-filter#android.intent.action.VIEW+android.intent.category.DEFAULT
ADDED from src\main\AndroidManifest.xml:34:13-41:29
action#android.intent.action.VIEW
ADDED from src\main\AndroidManifest.xml:35:17-68
	android:name
		ADDED from src\main\AndroidManifest.xml:35:25-66
category#android.intent.category.DEFAULT
ADDED from src\main\AndroidManifest.xml:36:17-75
	android:name
		ADDED from src\main\AndroidManifest.xml:36:27-73
data
ADDED from src\main\AndroidManifest.xml:37:17-40:44
	android:host
		ADDED from src\main\AndroidManifest.xml:38:21-51
	android:scheme
		ADDED from src\main\AndroidManifest.xml:40:21-42
	android:pathPrefix
		ADDED from src\main\AndroidManifest.xml:39:21-56
uses-permission#android.permission.GET_TASKS
ADDED from [Android_ChatRoom_Demo_Src:IMToolKit:unspecified] AndroidManifest.xml:16:5-68
	android:name
		ADDED from [Android_ChatRoom_Demo_Src:IMToolKit:unspecified] AndroidManifest.xml:16:22-65
uses-permission#android.permission.RECEIVE_BOOT_COMPLETED
ADDED from [Android_ChatRoom_Demo_Src:IMToolKit:unspecified] AndroidManifest.xml:18:5-81
	android:name
		ADDED from [Android_ChatRoom_Demo_Src:IMToolKit:unspecified] AndroidManifest.xml:18:22-78
uses-permission#android.permission.RECORD_AUDIO
ADDED from [Android_ChatRoom_Demo_Src:IMToolKit:unspecified] AndroidManifest.xml:19:5-71
	android:name
		ADDED from [Android_ChatRoom_Demo_Src:IMToolKit:unspecified] AndroidManifest.xml:19:22-68
uses-permission#android.permission.MODIFY_AUDIO_SETTINGS
ADDED from [Android_ChatRoom_Demo_Src:IMToolKit:unspecified] AndroidManifest.xml:20:5-80
	android:name
		ADDED from [Android_ChatRoom_Demo_Src:IMToolKit:unspecified] AndroidManifest.xml:20:22-77
uses-permission#android.permission.VIBRATE
ADDED from [Android_ChatRoom_Demo_Src:IMToolKit:unspecified] AndroidManifest.xml:21:5-66
	android:name
		ADDED from [Android_ChatRoom_Demo_Src:IMToolKit:unspecified] AndroidManifest.xml:21:22-63
uses-permission#android.permission.ACCESS_FINE_LOCATION
ADDED from [Android_ChatRoom_Demo_Src:IMToolKit:unspecified] AndroidManifest.xml:22:5-79
	android:name
		ADDED from [Android_ChatRoom_Demo_Src:IMToolKit:unspecified] AndroidManifest.xml:22:22-76
activity#io.rong.toolkit.plugin.image.PictureSelectorActivity
ADDED from [Android_ChatRoom_Demo_Src:IMToolKit:unspecified] AndroidManifest.xml:25:9-27:52
	android:screenOrientation
		ADDED from [Android_ChatRoom_Demo_Src:IMToolKit:unspecified] AndroidManifest.xml:27:13-49
	android:name
		ADDED from [Android_ChatRoom_Demo_Src:IMToolKit:unspecified] AndroidManifest.xml:26:13-80
activity#io.rong.toolkit.plugin.image.PicturePreviewActivity
ADDED from [Android_ChatRoom_Demo_Src:IMToolKit:unspecified] AndroidManifest.xml:28:9-30:52
	android:screenOrientation
		ADDED from [Android_ChatRoom_Demo_Src:IMToolKit:unspecified] AndroidManifest.xml:30:13-49
	android:name
		ADDED from [Android_ChatRoom_Demo_Src:IMToolKit:unspecified] AndroidManifest.xml:29:13-79
activity#io.rong.toolkit.plugin.image.TakingPicturesActivity
ADDED from [Android_ChatRoom_Demo_Src:IMToolKit:unspecified] AndroidManifest.xml:31:9-34:52
	android:screenOrientation
		ADDED from [Android_ChatRoom_Demo_Src:IMToolKit:unspecified] AndroidManifest.xml:34:13-49
	android:configChanges
		ADDED from [Android_ChatRoom_Demo_Src:IMToolKit:unspecified] AndroidManifest.xml:33:13-63
	android:name
		ADDED from [Android_ChatRoom_Demo_Src:IMToolKit:unspecified] AndroidManifest.xml:32:13-79
service#io.rong.push.core.PushRegistrationService
ADDED from [Android_ChatRoom_Demo_Src:IMToolKit:unspecified] AndroidManifest.xml:37:9-40:19
	android:exported
		ADDED from [Android_ChatRoom_Demo_Src:IMToolKit:unspecified] AndroidManifest.xml:39:13-37
	android:name
		ADDED from [Android_ChatRoom_Demo_Src:IMToolKit:unspecified] AndroidManifest.xml:38:13-69
service#io.rong.push.PushService
ADDED from [Android_ChatRoom_Demo_Src:IMToolKit:unspecified] AndroidManifest.xml:41:9-45:19
	android:process
		ADDED from [Android_ChatRoom_Demo_Src:IMToolKit:unspecified] AndroidManifest.xml:44:13-43
	android:exported
		ADDED from [Android_ChatRoom_Demo_Src:IMToolKit:unspecified] AndroidManifest.xml:43:13-37
	android:name
		ADDED from [Android_ChatRoom_Demo_Src:IMToolKit:unspecified] AndroidManifest.xml:42:13-52
service#io.rong.push.core.MessageHandleService
ADDED from [Android_ChatRoom_Demo_Src:IMToolKit:unspecified] AndroidManifest.xml:46:9-49:19
	android:exported
		ADDED from [Android_ChatRoom_Demo_Src:IMToolKit:unspecified] AndroidManifest.xml:48:13-36
	android:name
		ADDED from [Android_ChatRoom_Demo_Src:IMToolKit:unspecified] AndroidManifest.xml:47:13-66
receiver#io.rong.push.PushReceiver
ADDED from [Android_ChatRoom_Demo_Src:IMToolKit:unspecified] AndroidManifest.xml:51:9-68:20
	android:process
		ADDED from [Android_ChatRoom_Demo_Src:IMToolKit:unspecified] AndroidManifest.xml:53:13-43
	android:name
		ADDED from [Android_ChatRoom_Demo_Src:IMToolKit:unspecified] AndroidManifest.xml:52:13-53
intent-filter#io.rong.push.intent.action.HEART_BEAT
ADDED from [Android_ChatRoom_Demo_Src:IMToolKit:unspecified] AndroidManifest.xml:54:13-56:29
action#io.rong.push.intent.action.HEART_BEAT
ADDED from [Android_ChatRoom_Demo_Src:IMToolKit:unspecified] AndroidManifest.xml:55:17-80
	android:name
		ADDED from [Android_ChatRoom_Demo_Src:IMToolKit:unspecified] AndroidManifest.xml:55:25-77
intent-filter#android.net.conn.CONNECTIVITY_CHANGE
ADDED from [Android_ChatRoom_Demo_Src:IMToolKit:unspecified] AndroidManifest.xml:57:13-59:29
action#android.net.conn.CONNECTIVITY_CHANGE
ADDED from [Android_ChatRoom_Demo_Src:IMToolKit:unspecified] AndroidManifest.xml:58:17-79
	android:name
		ADDED from [Android_ChatRoom_Demo_Src:IMToolKit:unspecified] AndroidManifest.xml:58:25-76
intent-filter#android.intent.action.BOOT_COMPLETED
ADDED from [Android_ChatRoom_Demo_Src:IMToolKit:unspecified] AndroidManifest.xml:60:13-62:29
action#android.intent.action.BOOT_COMPLETED
ADDED from [Android_ChatRoom_Demo_Src:IMToolKit:unspecified] AndroidManifest.xml:61:17-79
	android:name
		ADDED from [Android_ChatRoom_Demo_Src:IMToolKit:unspecified] AndroidManifest.xml:61:25-76
intent-filter#android.intent.action.ACTION_POWER_CONNECTED+android.intent.action.ACTION_POWER_DISCONNECTED+android.intent.action.USER_PRESENT
ADDED from [Android_ChatRoom_Demo_Src:IMToolKit:unspecified] AndroidManifest.xml:63:13-67:29
action#android.intent.action.USER_PRESENT
ADDED from [Android_ChatRoom_Demo_Src:IMToolKit:unspecified] AndroidManifest.xml:64:17-77
	android:name
		ADDED from [Android_ChatRoom_Demo_Src:IMToolKit:unspecified] AndroidManifest.xml:64:25-74
action#android.intent.action.ACTION_POWER_CONNECTED
ADDED from [Android_ChatRoom_Demo_Src:IMToolKit:unspecified] AndroidManifest.xml:65:17-87
	android:name
		ADDED from [Android_ChatRoom_Demo_Src:IMToolKit:unspecified] AndroidManifest.xml:65:25-84
action#android.intent.action.ACTION_POWER_DISCONNECTED
ADDED from [Android_ChatRoom_Demo_Src:IMToolKit:unspecified] AndroidManifest.xml:66:17-90
	android:name
		ADDED from [Android_ChatRoom_Demo_Src:IMToolKit:unspecified] AndroidManifest.xml:66:25-87
service#io.rong.imlib.ipc.RongService
ADDED from [Android_ChatRoom_Demo_Src:IMToolKit:unspecified] AndroidManifest.xml:72:9-76:19
	android:process
		ADDED from [Android_ChatRoom_Demo_Src:IMToolKit:unspecified] AndroidManifest.xml:75:13-35
	android:exported
		ADDED from [Android_ChatRoom_Demo_Src:IMToolKit:unspecified] AndroidManifest.xml:74:13-36
	android:name
		ADDED from [Android_ChatRoom_Demo_Src:IMToolKit:unspecified] AndroidManifest.xml:73:13-57
service#io.rong.imlib.ReConnectService
ADDED from [Android_ChatRoom_Demo_Src:IMToolKit:unspecified] AndroidManifest.xml:77:9-66
	android:name
		ADDED from [Android_ChatRoom_Demo_Src:IMToolKit:unspecified] AndroidManifest.xml:77:18-63
receiver#io.rong.imlib.ConnectChangeReceiver
ADDED from [Android_ChatRoom_Demo_Src:IMToolKit:unspecified] AndroidManifest.xml:79:9-72
	android:name
		ADDED from [Android_ChatRoom_Demo_Src:IMToolKit:unspecified] AndroidManifest.xml:79:19-69
receiver#io.rong.imlib.HeartbeatReceiver
ADDED from [Android_ChatRoom_Demo_Src:IMToolKit:unspecified] AndroidManifest.xml:80:9-82:38
	android:process
		ADDED from [Android_ChatRoom_Demo_Src:IMToolKit:unspecified] AndroidManifest.xml:82:13-35
	android:name
		ADDED from [Android_ChatRoom_Demo_Src:IMToolKit:unspecified] AndroidManifest.xml:81:13-59
android:uses-permission#android.permission.READ_EXTERNAL_STORAGE
IMPLIED from src\main\AndroidManifest.xml:2:1-45:12 reason: io.rong.toolkit requested WRITE_EXTERNAL_STORAGE